[2024-08-29T16:46:47.419+0300] {local_task_job_runner.py:123} INFO - ::group::Pre task execution logs
[2024-08-29T16:46:47.450+0300] {taskinstance.py:2603} INFO - Dependencies all met for dep_context=non-requeueable deps ti=<TaskInstance: tc4a_data_visualization.bq_zoom_data_load_csv manual__2024-08-29T13:13:27.663804+00:00 [queued]>
[2024-08-29T16:46:47.460+0300] {taskinstance.py:2603} INFO - Dependencies all met for dep_context=requeueable deps ti=<TaskInstance: tc4a_data_visualization.bq_zoom_data_load_csv manual__2024-08-29T13:13:27.663804+00:00 [queued]>
[2024-08-29T16:46:47.461+0300] {taskinstance.py:2856} INFO - Starting attempt 9 of 10
[2024-08-29T16:46:47.476+0300] {taskinstance.py:2879} INFO - Executing <Task(GCSToBigQueryOperator): bq_zoom_data_load_csv> on 2024-08-29 13:13:27.663804+00:00
[2024-08-29T16:46:47.487+0300] {logging_mixin.py:190} WARNING - /home/sang/Documents/tc4a/airflow/env/lib64/python3.12/site-packages/airflow/task/task_runner/standard_task_runner.py:70 DeprecationWarning: This process (pid=103870) is multi-threaded, use of fork() may lead to deadlocks in the child.
[2024-08-29T16:46:47.488+0300] {standard_task_runner.py:72} INFO - Started process 103952 to run task
[2024-08-29T16:46:47.488+0300] {standard_task_runner.py:104} INFO - Running: ['airflow', 'tasks', 'run', 'tc4a_data_visualization', 'bq_zoom_data_load_csv', 'manual__2024-08-29T13:13:27.663804+00:00', '--job-id', '47', '--raw', '--subdir', 'DAGS_FOLDER/postgres_setup.py', '--cfg-path', '/tmp/tmppyk4mwcg']
[2024-08-29T16:46:47.491+0300] {standard_task_runner.py:105} INFO - Job 47: Subtask bq_zoom_data_load_csv
[2024-08-29T16:46:47.581+0300] {task_command.py:467} INFO - Running <TaskInstance: tc4a_data_visualization.bq_zoom_data_load_csv manual__2024-08-29T13:13:27.663804+00:00 [running]> on host sa
[2024-08-29T16:46:47.696+0300] {taskinstance.py:3122} INFO - Exporting env vars: AIRFLOW_CTX_DAG_OWNER='tc4a' AIRFLOW_CTX_DAG_ID='tc4a_data_visualization' AIRFLOW_CTX_TASK_ID='bq_zoom_data_load_csv' AIRFLOW_CTX_EXECUTION_DATE='2024-08-29T13:13:27.663804+00:00' AIRFLOW_CTX_TRY_NUMBER='9' AIRFLOW_CTX_DAG_RUN_ID='manual__2024-08-29T13:13:27.663804+00:00'
[2024-08-29T16:46:47.698+0300] {taskinstance.py:731} INFO - ::endgroup::
[2024-08-29T16:46:47.744+0300] {connection.py:277} WARNING - Connection schemes (type: google_cloud_platform) shall not contain '_' according to RFC3986.
[2024-08-29T16:46:47.747+0300] {base.py:84} INFO - Retrieving connection 'gcp_conn'
[2024-08-29T16:46:47.749+0300] {gcs_to_bigquery.py:381} INFO - Using existing BigQuery table for storing data...
[2024-08-29T16:46:47.821+0300] {gcs_to_bigquery.py:385} INFO - Executing: {'load': {'autodetect': True, 'createDisposition': 'CREATE_IF_NEEDED', 'destinationTable': {'projectId': 'visualization-app-404406', 'datasetId': 'tc4a', 'tableId': 'bq_zoomreports'}, 'sourceFormat': 'CSV', 'sourceUris': ['gs://tc4a-backet/zoom_reports_2024-08-29.json'], 'writeDisposition': 'WRITE_TRUNCATE', 'ignoreUnknownValues': False, 'schema': {'fields': [{'name': 'id', 'type': 'STRING', 'mode': 'REQUIRED'}, {'name': 'event_name', 'type': 'STRING', 'mode': 'REQUIRED'}, {'name': 'name', 'type': 'STRING', 'mode': 'NULLABLE'}, {'name': 'email', 'type': 'STRING', 'mode': 'NULLABLE'}, {'name': 'profession', 'type': 'STRING', 'mode': 'NULLABLE'}, {'name': 'country', 'type': 'STRING', 'mode': 'NULLABLE'}, {'name': 'county', 'type': 'STRING', 'mode': 'NULLABLE'}, {'name': 'duration', 'type': 'INTEGER', 'mode': 'NULLABLE'}, {'name': 'phone_number', 'type': 'STRING', 'mode': 'NULLABLE'}, {'name': 'board_number', 'type': 'STRING', 'mode': 'NULLABLE'}, {'name': 'medical_number', 'type': 'STRING', 'mode': 'NULLABLE'}, {'name': 'email_consent', 'type': 'BOOLEAN', 'mode': 'NULLABLE'}, {'name': 'specialization', 'type': 'STRING', 'mode': 'NULLABLE'}, {'name': 'gender', 'type': 'STRING', 'mode': 'NULLABLE'}, {'name': 'created_at', 'type': 'TIMESTAMP', 'mode': 'NULLABLE'}, {'name': 'updated_at', 'type': 'TIMESTAMP', 'mode': 'NULLABLE'}]}, 'maxBadRecords': 100, 'skipLeadingRows': None, 'fieldDelimiter': ',', 'quote': None, 'allowQuotedNewlines': False, 'encoding': 'UTF-8'}}
[2024-08-29T16:46:47.824+0300] {bigquery.py:1702} INFO - Inserting job airflow_tc4a_data_visualization_bq_zoom_data_load_csv_2024_08_29T13_13_27_663804_00_00_2bc7484cce803cf54417e3bef9a2ef91
[2024-08-29T16:46:51.476+0300] {taskinstance.py:340} INFO - ::group::Post task execution logs
[2024-08-29T16:46:51.477+0300] {taskinstance.py:352} INFO - Marking task as SUCCESS. dag_id=tc4a_data_visualization, task_id=bq_zoom_data_load_csv, run_id=manual__2024-08-29T13:13:27.663804+00:00, execution_date=20240829T131327, start_date=20240829T134647, end_date=20240829T134651
[2024-08-29T16:46:51.517+0300] {local_task_job_runner.py:261} INFO - Task exited with return code 0
[2024-08-29T16:46:51.549+0300] {taskinstance.py:3891} INFO - 0 downstream tasks scheduled from follow-on schedule check
[2024-08-29T16:46:51.551+0300] {local_task_job_runner.py:240} INFO - ::endgroup::
