[2024-08-29T16:46:42.055+0300] {local_task_job_runner.py:123} INFO - ::group::Pre task execution logs
[2024-08-29T16:46:42.078+0300] {taskinstance.py:2603} INFO - Dependencies all met for dep_context=non-requeueable deps ti=<TaskInstance: tc4a_data_visualization.postgres_zoom_reports_to_gcs manual__2024-08-29T13:13:27.663804+00:00 [queued]>
[2024-08-29T16:46:42.100+0300] {taskinstance.py:2603} INFO - Dependencies all met for dep_context=requeueable deps ti=<TaskInstance: tc4a_data_visualization.postgres_zoom_reports_to_gcs manual__2024-08-29T13:13:27.663804+00:00 [queued]>
[2024-08-29T16:46:42.101+0300] {taskinstance.py:2856} INFO - Starting attempt 6 of 7
[2024-08-29T16:46:42.125+0300] {taskinstance.py:2879} INFO - Executing <Task(PostgresToGCSOperator): postgres_zoom_reports_to_gcs> on 2024-08-29 13:13:27.663804+00:00
[2024-08-29T16:46:42.139+0300] {logging_mixin.py:190} WARNING - /home/sang/Documents/tc4a/airflow/env/lib64/python3.12/site-packages/airflow/task/task_runner/standard_task_runner.py:70 DeprecationWarning: This process (pid=103655) is multi-threaded, use of fork() may lead to deadlocks in the child.
[2024-08-29T16:46:42.139+0300] {standard_task_runner.py:72} INFO - Started process 103736 to run task
[2024-08-29T16:46:42.140+0300] {standard_task_runner.py:104} INFO - Running: ['airflow', 'tasks', 'run', 'tc4a_data_visualization', 'postgres_zoom_reports_to_gcs', 'manual__2024-08-29T13:13:27.663804+00:00', '--job-id', '46', '--raw', '--subdir', 'DAGS_FOLDER/postgres_setup.py', '--cfg-path', '/tmp/tmp5ost2wb5']
[2024-08-29T16:46:42.143+0300] {standard_task_runner.py:105} INFO - Job 46: Subtask postgres_zoom_reports_to_gcs
[2024-08-29T16:46:42.251+0300] {task_command.py:467} INFO - Running <TaskInstance: tc4a_data_visualization.postgres_zoom_reports_to_gcs manual__2024-08-29T13:13:27.663804+00:00 [running]> on host sa
[2024-08-29T16:46:42.397+0300] {taskinstance.py:3122} INFO - Exporting env vars: AIRFLOW_CTX_DAG_OWNER='tc4a' AIRFLOW_CTX_DAG_ID='tc4a_data_visualization' AIRFLOW_CTX_TASK_ID='postgres_zoom_reports_to_gcs' AIRFLOW_CTX_EXECUTION_DATE='2024-08-29T13:13:27.663804+00:00' AIRFLOW_CTX_TRY_NUMBER='6' AIRFLOW_CTX_DAG_RUN_ID='manual__2024-08-29T13:13:27.663804+00:00'
[2024-08-29T16:46:42.399+0300] {taskinstance.py:731} INFO - ::endgroup::
[2024-08-29T16:46:42.437+0300] {sql_to_gcs.py:163} INFO - Executing query
[2024-08-29T16:46:42.457+0300] {base.py:84} INFO - Retrieving connection 'postgres_localhost'
[2024-08-29T16:46:42.472+0300] {sql_to_gcs.py:182} INFO - Writing local data files
[2024-08-29T16:46:42.502+0300] {sql_to_gcs.py:187} INFO - Uploading chunk file #0 to GCS.
[2024-08-29T16:46:42.513+0300] {connection.py:277} WARNING - Connection schemes (type: google_cloud_platform) shall not contain '_' according to RFC3986.
[2024-08-29T16:46:42.515+0300] {base.py:84} INFO - Retrieving connection 'gcp_conn'
[2024-08-29T16:46:45.363+0300] {gcs.py:560} INFO - File /tmp/tmpte_7kpj8 uploaded to zoom_reports_2024-08-29.json in tc4a-backet bucket
[2024-08-29T16:46:45.364+0300] {sql_to_gcs.py:190} INFO - Removing local file
[2024-08-29T16:46:45.419+0300] {taskinstance.py:340} INFO - ::group::Post task execution logs
[2024-08-29T16:46:45.420+0300] {taskinstance.py:352} INFO - Marking task as SUCCESS. dag_id=tc4a_data_visualization, task_id=postgres_zoom_reports_to_gcs, run_id=manual__2024-08-29T13:13:27.663804+00:00, execution_date=20240829T131327, start_date=20240829T134642, end_date=20240829T134645
[2024-08-29T16:46:45.485+0300] {local_task_job_runner.py:261} INFO - Task exited with return code 0
[2024-08-29T16:46:45.541+0300] {taskinstance.py:3891} INFO - 1 downstream tasks scheduled from follow-on schedule check
[2024-08-29T16:46:45.544+0300] {local_task_job_runner.py:240} INFO - ::endgroup::
