[2024-08-29T16:34:40.016+0300] {local_task_job_runner.py:123} INFO - ::group::Pre task execution logs
[2024-08-29T16:34:40.052+0300] {taskinstance.py:2603} INFO - Dependencies all met for dep_context=non-requeueable deps ti=<TaskInstance: tc4a_data_visualization.postgres_zoom_reports_to_gcs manual__2024-08-29T13:13:27.663804+00:00 [queued]>
[2024-08-29T16:34:40.065+0300] {taskinstance.py:2603} INFO - Dependencies all met for dep_context=requeueable deps ti=<TaskInstance: tc4a_data_visualization.postgres_zoom_reports_to_gcs manual__2024-08-29T13:13:27.663804+00:00 [queued]>
[2024-08-29T16:34:40.065+0300] {taskinstance.py:2856} INFO - Starting attempt 5 of 6
[2024-08-29T16:34:40.085+0300] {taskinstance.py:2879} INFO - Executing <Task(PostgresToGCSOperator): postgres_zoom_reports_to_gcs> on 2024-08-29 13:13:27.663804+00:00
[2024-08-29T16:34:40.095+0300] {logging_mixin.py:190} WARNING - /home/sang/Documents/tc4a/airflow/env/lib64/python3.12/site-packages/airflow/task/task_runner/standard_task_runner.py:70 DeprecationWarning: This process (pid=96389) is multi-threaded, use of fork() may lead to deadlocks in the child.
[2024-08-29T16:34:40.096+0300] {standard_task_runner.py:72} INFO - Started process 96452 to run task
[2024-08-29T16:34:40.096+0300] {standard_task_runner.py:104} INFO - Running: ['airflow', 'tasks', 'run', 'tc4a_data_visualization', 'postgres_zoom_reports_to_gcs', 'manual__2024-08-29T13:13:27.663804+00:00', '--job-id', '43', '--raw', '--subdir', 'DAGS_FOLDER/postgres_setup.py', '--cfg-path', '/tmp/tmpyjaram5y']
[2024-08-29T16:34:40.098+0300] {standard_task_runner.py:105} INFO - Job 43: Subtask postgres_zoom_reports_to_gcs
[2024-08-29T16:34:40.185+0300] {task_command.py:467} INFO - Running <TaskInstance: tc4a_data_visualization.postgres_zoom_reports_to_gcs manual__2024-08-29T13:13:27.663804+00:00 [running]> on host sa
[2024-08-29T16:34:40.348+0300] {taskinstance.py:3122} INFO - Exporting env vars: AIRFLOW_CTX_DAG_OWNER='tc4a' AIRFLOW_CTX_DAG_ID='tc4a_data_visualization' AIRFLOW_CTX_TASK_ID='postgres_zoom_reports_to_gcs' AIRFLOW_CTX_EXECUTION_DATE='2024-08-29T13:13:27.663804+00:00' AIRFLOW_CTX_TRY_NUMBER='5' AIRFLOW_CTX_DAG_RUN_ID='manual__2024-08-29T13:13:27.663804+00:00'
[2024-08-29T16:34:40.351+0300] {taskinstance.py:731} INFO - ::endgroup::
[2024-08-29T16:34:40.388+0300] {sql_to_gcs.py:163} INFO - Executing query
[2024-08-29T16:34:40.411+0300] {base.py:84} INFO - Retrieving connection 'postgres_localhost'
[2024-08-29T16:34:40.424+0300] {sql_to_gcs.py:182} INFO - Writing local data files
[2024-08-29T16:34:40.462+0300] {sql_to_gcs.py:187} INFO - Uploading chunk file #0 to GCS.
[2024-08-29T16:34:40.473+0300] {connection.py:277} WARNING - Connection schemes (type: google_cloud_platform) shall not contain '_' according to RFC3986.
[2024-08-29T16:34:40.476+0300] {base.py:84} INFO - Retrieving connection 'gcp_conn'
[2024-08-29T16:34:43.526+0300] {gcs.py:560} INFO - File /tmp/tmpa4fhyk3f uploaded to zoom_reports_2024-08-29.json in tc4a-backet bucket
[2024-08-29T16:34:43.527+0300] {sql_to_gcs.py:190} INFO - Removing local file
[2024-08-29T16:34:43.584+0300] {taskinstance.py:340} INFO - ::group::Post task execution logs
[2024-08-29T16:34:43.585+0300] {taskinstance.py:352} INFO - Marking task as SUCCESS. dag_id=tc4a_data_visualization, task_id=postgres_zoom_reports_to_gcs, run_id=manual__2024-08-29T13:13:27.663804+00:00, execution_date=20240829T131327, start_date=20240829T133440, end_date=20240829T133443
[2024-08-29T16:34:43.642+0300] {local_task_job_runner.py:261} INFO - Task exited with return code 0
[2024-08-29T16:34:43.696+0300] {taskinstance.py:3891} INFO - 1 downstream tasks scheduled from follow-on schedule check
[2024-08-29T16:34:43.700+0300] {local_task_job_runner.py:240} INFO - ::endgroup::
