[2024-08-29T14:21:36.141+0300] {local_task_job_runner.py:123} INFO - ::group::Pre task execution logs
[2024-08-29T14:21:36.157+0300] {taskinstance.py:2603} INFO - Dependencies all met for dep_context=non-requeueable deps ti=<TaskInstance: reports_data_pipeline.load_data_to_bigquery scheduled__2024-08-28T00:00:00+00:00 [queued]>
[2024-08-29T14:21:36.165+0300] {taskinstance.py:2603} INFO - Dependencies all met for dep_context=requeueable deps ti=<TaskInstance: reports_data_pipeline.load_data_to_bigquery scheduled__2024-08-28T00:00:00+00:00 [queued]>
[2024-08-29T14:21:36.165+0300] {taskinstance.py:2856} INFO - Starting attempt 5 of 6
[2024-08-29T14:21:36.175+0300] {taskinstance.py:2879} INFO - Executing <Task(GCSToBigQueryOperator): load_data_to_bigquery> on 2024-08-28 00:00:00+00:00
[2024-08-29T14:21:36.182+0300] {logging_mixin.py:190} WARNING - /home/sang/Documents/tc4a/airflow/env/lib64/python3.12/site-packages/airflow/task/task_runner/standard_task_runner.py:70 DeprecationWarning: This process (pid=52396) is multi-threaded, use of fork() may lead to deadlocks in the child.
[2024-08-29T14:21:36.182+0300] {standard_task_runner.py:72} INFO - Started process 52474 to run task
[2024-08-29T14:21:36.182+0300] {standard_task_runner.py:104} INFO - Running: ['airflow', 'tasks', 'run', 'reports_data_pipeline', 'load_data_to_bigquery', 'scheduled__2024-08-28T00:00:00+00:00', '--job-id', '22', '--raw', '--subdir', 'DAGS_FOLDER/setup.py', '--cfg-path', '/tmp/tmpc9yrmj0l']
[2024-08-29T14:21:36.184+0300] {standard_task_runner.py:105} INFO - Job 22: Subtask load_data_to_bigquery
[2024-08-29T14:21:36.221+0300] {task_command.py:467} INFO - Running <TaskInstance: reports_data_pipeline.load_data_to_bigquery scheduled__2024-08-28T00:00:00+00:00 [running]> on host sa
[2024-08-29T14:21:36.280+0300] {taskinstance.py:3122} INFO - Exporting env vars: AIRFLOW_CTX_DAG_OWNER='tc4a' AIRFLOW_CTX_DAG_ID='reports_data_pipeline' AIRFLOW_CTX_TASK_ID='load_data_to_bigquery' AIRFLOW_CTX_EXECUTION_DATE='2024-08-28T00:00:00+00:00' AIRFLOW_CTX_TRY_NUMBER='5' AIRFLOW_CTX_DAG_RUN_ID='scheduled__2024-08-28T00:00:00+00:00'
[2024-08-29T14:21:36.281+0300] {taskinstance.py:731} INFO - ::endgroup::
[2024-08-29T14:21:36.294+0300] {connection.py:277} WARNING - Connection schemes (type: google_cloud_platform) shall not contain '_' according to RFC3986.
[2024-08-29T14:21:36.295+0300] {base.py:84} INFO - Retrieving connection 'gcp_conn'
[2024-08-29T14:21:36.296+0300] {gcs_to_bigquery.py:381} INFO - Using existing BigQuery table for storing data...
[2024-08-29T14:21:36.325+0300] {gcs_to_bigquery.py:385} INFO - Executing: {'load': {'autodetect': True, 'createDisposition': 'CREATE_IF_NEEDED', 'destinationTable': {'projectId': 'visualization-app-404406', 'datasetId': 'tc4a', 'tableId': 'zoom'}, 'sourceFormat': 'CSV', 'sourceUris': ['gs://tc4a-backet/zoom/zoom_report_*.csv'], 'writeDisposition': 'WRITE_TRUNCATE', 'ignoreUnknownValues': False, 'skipLeadingRows': 1, 'fieldDelimiter': ',', 'quote': None, 'allowQuotedNewlines': False, 'encoding': 'UTF-8'}}
[2024-08-29T14:21:36.325+0300] {bigquery.py:1702} INFO - Inserting job airflow_reports_data_pipeline_load_data_to_bigquery_2024_08_28T00_00_00_00_00_e6609236dce8d596629f47dd41627183
[2024-08-29T14:21:41.226+0300] {taskinstance.py:340} INFO - ::group::Post task execution logs
[2024-08-29T14:21:41.226+0300] {taskinstance.py:352} INFO - Marking task as SUCCESS. dag_id=reports_data_pipeline, task_id=load_data_to_bigquery, run_id=scheduled__2024-08-28T00:00:00+00:00, execution_date=20240828T000000, start_date=20240829T112136, end_date=20240829T112141
[2024-08-29T14:21:41.248+0300] {local_task_job_runner.py:261} INFO - Task exited with return code 0
[2024-08-29T14:21:41.260+0300] {taskinstance.py:3891} INFO - 0 downstream tasks scheduled from follow-on schedule check
[2024-08-29T14:21:41.261+0300] {local_task_job_runner.py:240} INFO - ::endgroup::
