[2024-08-29T15:57:20.648+0300] {local_task_job_runner.py:123} INFO - ::group::Pre task execution logs
[2024-08-29T15:57:20.671+0300] {taskinstance.py:2603} INFO - Dependencies all met for dep_context=non-requeueable deps ti=<TaskInstance: reports_data_pipeline.load_data_to_bigquery scheduled__2024-08-28T00:00:00+00:00 [queued]>
[2024-08-29T15:57:20.680+0300] {taskinstance.py:2603} INFO - Dependencies all met for dep_context=requeueable deps ti=<TaskInstance: reports_data_pipeline.load_data_to_bigquery scheduled__2024-08-28T00:00:00+00:00 [queued]>
[2024-08-29T15:57:20.680+0300] {taskinstance.py:2856} INFO - Starting attempt 7 of 8
[2024-08-29T15:57:20.697+0300] {taskinstance.py:2879} INFO - Executing <Task(GCSToBigQueryOperator): load_data_to_bigquery> on 2024-08-28 00:00:00+00:00
[2024-08-29T15:57:20.706+0300] {logging_mixin.py:190} WARNING - /home/sang/Documents/tc4a/airflow/env/lib64/python3.12/site-packages/airflow/task/task_runner/standard_task_runner.py:70 DeprecationWarning: This process (pid=67127) is multi-threaded, use of fork() may lead to deadlocks in the child.
[2024-08-29T15:57:20.707+0300] {standard_task_runner.py:72} INFO - Started process 67204 to run task
[2024-08-29T15:57:20.707+0300] {standard_task_runner.py:104} INFO - Running: ['airflow', 'tasks', 'run', 'reports_data_pipeline', 'load_data_to_bigquery', 'scheduled__2024-08-28T00:00:00+00:00', '--job-id', '28', '--raw', '--subdir', 'DAGS_FOLDER/setup.py', '--cfg-path', '/tmp/tmpzup9aik9']
[2024-08-29T15:57:20.710+0300] {standard_task_runner.py:105} INFO - Job 28: Subtask load_data_to_bigquery
[2024-08-29T15:57:20.775+0300] {task_command.py:467} INFO - Running <TaskInstance: reports_data_pipeline.load_data_to_bigquery scheduled__2024-08-28T00:00:00+00:00 [running]> on host sa
[2024-08-29T15:57:20.900+0300] {taskinstance.py:3122} INFO - Exporting env vars: AIRFLOW_CTX_DAG_OWNER='tc4a' AIRFLOW_CTX_DAG_ID='reports_data_pipeline' AIRFLOW_CTX_TASK_ID='load_data_to_bigquery' AIRFLOW_CTX_EXECUTION_DATE='2024-08-28T00:00:00+00:00' AIRFLOW_CTX_TRY_NUMBER='7' AIRFLOW_CTX_DAG_RUN_ID='scheduled__2024-08-28T00:00:00+00:00'
[2024-08-29T15:57:20.902+0300] {taskinstance.py:731} INFO - ::endgroup::
[2024-08-29T15:57:20.941+0300] {connection.py:277} WARNING - Connection schemes (type: google_cloud_platform) shall not contain '_' according to RFC3986.
[2024-08-29T15:57:20.944+0300] {base.py:84} INFO - Retrieving connection 'gcp_conn'
[2024-08-29T15:57:20.945+0300] {gcs_to_bigquery.py:381} INFO - Using existing BigQuery table for storing data...
[2024-08-29T15:57:21.031+0300] {gcs_to_bigquery.py:385} INFO - Executing: {'load': {'autodetect': True, 'createDisposition': 'CREATE_IF_NEEDED', 'destinationTable': {'projectId': 'visualization-app-404406', 'datasetId': 'tc4a', 'tableId': 'zoom_reports'}, 'sourceFormat': 'CSV', 'sourceUris': ['gs://tc4a-backet/zoom/zoom_report_*.csv'], 'writeDisposition': 'WRITE_TRUNCATE', 'ignoreUnknownValues': False, 'skipLeadingRows': 1, 'fieldDelimiter': ',', 'quote': None, 'allowQuotedNewlines': False, 'encoding': 'UTF-8'}}
[2024-08-29T15:57:21.032+0300] {bigquery.py:1702} INFO - Inserting job airflow_reports_data_pipeline_load_data_to_bigquery_2024_08_28T00_00_00_00_00_d9b5133f8584614c8f6fc3d3040941ce
[2024-08-29T15:57:25.156+0300] {taskinstance.py:340} INFO - ::group::Post task execution logs
[2024-08-29T15:57:25.157+0300] {taskinstance.py:352} INFO - Marking task as SUCCESS. dag_id=reports_data_pipeline, task_id=load_data_to_bigquery, run_id=scheduled__2024-08-28T00:00:00+00:00, execution_date=20240828T000000, start_date=20240829T125720, end_date=20240829T125725
[2024-08-29T15:57:25.181+0300] {local_task_job_runner.py:261} INFO - Task exited with return code 0
[2024-08-29T15:57:25.205+0300] {taskinstance.py:3891} INFO - 0 downstream tasks scheduled from follow-on schedule check
[2024-08-29T15:57:25.209+0300] {local_task_job_runner.py:240} INFO - ::endgroup::
